<?xml version="1.0" encoding="UTF-8"?>
<!-- Generated by org.testng.reporters.JUnitReportReporter -->
<testsuite hostname="DESKTOP-H09M8GD" failures="0" tests="4" name="Petstore.api.automation.test" time="11.071" errors="0" timestamp="2024-03-08T06:58:41 IST" skipped="0">
  <testcase classname="Petstore.api.automation.test" name="updateExistingPet" time="1.127"/>
  <system-out/>
  <testcase classname="Petstore.api.automation.test" name="createPetsAndStoreIDs" time="7.291"/>
  <system-out/>
  <testcase classname="Petstore.api.automation.test" name="findPetsByStatus" time="1.470"/>
  <system-out/>
  <testcase classname="Petstore.api.automation.test" name="findPetsByTags" time="1.183"/>
  <system-out/>
</testsuite> <!-- Petstore.api.automation.test -->
