<?xml version="1.0" encoding="UTF-8"?>
<!-- Generated by org.testng.reporters.JUnitReportReporter -->
<testsuite hostname="DESKTOP-H09M8GD" failures="0" tests="5" name="Petstore.api.automation.PetstoreRequests" time="12.164" errors="0" timestamp="2024-03-08T07:07:43 IST" skipped="0">
  <testcase classname="Petstore.api.automation.PetstoreRequests" name="updateExistingPet" time="1.114"/>
  <system-out/>
  <testcase classname="Petstore.api.automation.PetstoreRequests" name="addaNewPet" time="3.167"/>
  <system-out/>
  <testcase classname="Petstore.api.automation.PetstoreRequests" name="createPetsAndStoreIDs" time="5.134"/>
  <system-out/>
  <testcase classname="Petstore.api.automation.PetstoreRequests" name="findPetsByStatus" time="1.554"/>
  <system-out/>
  <testcase classname="Petstore.api.automation.PetstoreRequests" name="findPetsByTags" time="1.195"/>
  <system-out/>
</testsuite> <!-- Petstore.api.automation.PetstoreRequests -->
